0 info it worked if it ends with ok
1 verbose cli [ '/Users/Sear/.nvm/versions/node/v6.7.0/bin/node',
1 verbose cli   '/Users/Sear/.nvm/versions/node/v6.7.0/bin/npm',
1 verbose cli   'run',
1 verbose cli   'watch:server' ]
2 info using npm@3.10.3
3 info using node@v6.7.0
4 verbose run-script [ 'prewatch:server', 'watch:server', 'postwatch:server' ]
5 info lifecycle vodafone-react-poc@0.0.1~prewatch:server: vodafone-react-poc@0.0.1
6 silly lifecycle vodafone-react-poc@0.0.1~prewatch:server: no script for prewatch:server, continuing
7 info lifecycle vodafone-react-poc@0.0.1~watch:server: vodafone-react-poc@0.0.1
8 verbose lifecycle vodafone-react-poc@0.0.1~watch:server: unsafe-perm in lifecycle true
9 verbose lifecycle vodafone-react-poc@0.0.1~watch:server: PATH: /Users/Sear/.nvm/versions/node/v6.7.0/lib/node_modules/npm/bin/node-gyp-bin:/Users/Sear/Sites/james-test/node_modules/.bin:/Users/Sear/.nvm/versions/node/v6.7.0/bin:/Users/Sear/.nvm/versions/node/v6.7.0/lib/node_modules/npm/bin/node-gyp-bin:/Users/Sear/Sites/james-test/node_modules/.bin:/Users/Sear/.nvm/versions/node/v6.7.0/bin:/Users/Sear/.nvm/versions/node/v6.7.0/bin:/usr/local/bin:/usr/bin:/bin:/usr/sbin:/sbin
10 verbose lifecycle vodafone-react-poc@0.0.1~watch:server: CWD: /Users/Sear/Sites/james-test
11 silly lifecycle vodafone-react-poc@0.0.1~watch:server: Args: [ '-c', 'npm run build:server -- --watch --colors' ]
12 silly lifecycle vodafone-react-poc@0.0.1~watch:server: Returned: code: 1  signal: null
13 info lifecycle vodafone-react-poc@0.0.1~watch:server: Failed to exec watch:server script
14 verbose stack Error: vodafone-react-poc@0.0.1 watch:server: `npm run build:server -- --watch --colors`
14 verbose stack Exit status 1
14 verbose stack     at EventEmitter.<anonymous> (/Users/Sear/.nvm/versions/node/v6.7.0/lib/node_modules/npm/lib/utils/lifecycle.js:242:16)
14 verbose stack     at emitTwo (events.js:106:13)
14 verbose stack     at EventEmitter.emit (events.js:191:7)
14 verbose stack     at ChildProcess.<anonymous> (/Users/Sear/.nvm/versions/node/v6.7.0/lib/node_modules/npm/lib/utils/spawn.js:40:14)
14 verbose stack     at emitTwo (events.js:106:13)
14 verbose stack     at ChildProcess.emit (events.js:191:7)
14 verbose stack     at maybeClose (internal/child_process.js:877:16)
14 verbose stack     at Process.ChildProcess._handle.onexit (internal/child_process.js:226:5)
15 verbose pkgid vodafone-react-poc@0.0.1
16 verbose cwd /Users/Sear/Sites/james-test
17 error Darwin 15.6.0
18 error argv "/Users/Sear/.nvm/versions/node/v6.7.0/bin/node" "/Users/Sear/.nvm/versions/node/v6.7.0/bin/npm" "run" "watch:server"
19 error node v6.7.0
20 error npm  v3.10.3
21 error code ELIFECYCLE
22 error vodafone-react-poc@0.0.1 watch:server: `npm run build:server -- --watch --colors`
22 error Exit status 1
23 error Failed at the vodafone-react-poc@0.0.1 watch:server script 'npm run build:server -- --watch --colors'.
23 error Make sure you have the latest version of node.js and npm installed.
23 error If you do, this is most likely a problem with the vodafone-react-poc package,
23 error not with npm itself.
23 error Tell the author that this fails on your system:
23 error     npm run build:server -- --watch --colors
23 error You can get information on how to open an issue for this project with:
23 error     npm bugs vodafone-react-poc
23 error Or if that isn't available, you can get their info via:
23 error     npm owner ls vodafone-react-poc
23 error There is likely additional logging output above.
24 verbose exit [ 1, true ]
